
Showing logs for build [32mcb-kubecd-environment-pr-1455-1-x7wv8-1[0m stage [32mfrom-build-pack[0m and container [32mstep-credential-initializer-srxpv[0m
{"level":"info","ts":1588674089.2499022,"logger":"fallback-logger","caller":"logging/config.go:69","msg":"Fetch GitHub commit ID from kodata failed: open /var/run/ko/refs/heads/0.8.0-ns-support: no such file or directory"}
{"level":"info","ts":1588674089.2503808,"logger":"fallback-logger","caller":"creds-init/main.go:40","msg":"Credentials initialized."}

Showing logs for build [32mcb-kubecd-environment-pr-1455-1-x7wv8-1[0m stage [32mfrom-build-pack[0m and container [32mstep-working-dir-initializer-d4qds[0m
{"level":"info","ts":1588674090.6595662,"logger":"fallback-logger","caller":"logging/config.go:69","msg":"Fetch GitHub commit ID from kodata failed: open /var/run/ko/HEAD: no such file or directory"}
{"level":"info","ts":1588674090.661036,"logger":"fallback-logger","caller":"bash/main.go:64","msg":"Successfully executed command \"sh -c mkdir -p /workspace/source\"; output "}

Showing logs for build [32mcb-kubecd-environment-pr-1455-1-x7wv8-1[0m stage [32mfrom-build-pack[0m and container [32mstep-place-tools[0m

Showing logs for build [32mcb-kubecd-environment-pr-1455-1-x7wv8-1[0m stage [32mfrom-build-pack[0m and container [32mstep-git-source-cb-kubecd-environment-pr-1455-1-x7wv8-dkthf[0m
{"level":"info","ts":1588674096.7793336,"logger":"fallback-logger","caller":"logging/config.go:69","msg":"Fetch GitHub commit ID from kodata failed: open /var/run/ko/refs/heads/0.8.0-ns-support: no such file or directory"}
{"level":"info","ts":1588674097.8214116,"logger":"fallback-logger","caller":"git/git.go:103","msg":"Successfully cloned https://github.com/cb-kubecd/environment-pr-1455-111-bdd-frontend-staging.git @ master in path /workspace/source"}

Showing logs for build [32mcb-kubecd-environment-pr-1455-1-x7wv8-1[0m stage [32mfrom-build-pack[0m and container [32mstep-git-merge[0m
Using SHAs from PULL_REFS=master:df5eac4b52daddd21c870dd67148bcfb4fc66ac6,1:6fbbf5d7c27208416994a4be219e8fbfc2df205d
DEBUG: LC_ALL=C JX_LOG_LEVEL=error git fetch origin --unshallow 6fbbf5d7c27208416994a4be219e8fbfc2df205d: df5eac4b52daddd21c870dd67148bcfb4fc66ac6:
DEBUG: ran git fetch --unshallow origin 6fbbf5d7c27208416994a4be219e8fbfc2df205d: df5eac4b52daddd21c870dd67148bcfb4fc66ac6: in 
DEBUG: LC_ALL=C JX_LOG_LEVEL=error git branch
DEBUG: LC_ALL=C JX_LOG_LEVEL=error git checkout master
DEBUG: ran git checkout master in 
DEBUG: LC_ALL=C JX_LOG_LEVEL=error git reset --hard df5eac4b52daddd21c870dd67148bcfb4fc66ac6
DEBUG: ran git reset --hard df5eac4b52daddd21c870dd67148bcfb4fc66ac6 in 
DEBUG: LC_ALL=C JX_LOG_LEVEL=error git clean -fd .
DEBUG: ran clean --force -d . in 
DEBUG: LC_ALL=C JX_LOG_LEVEL=error git merge 6fbbf5d7c27208416994a4be219e8fbfc2df205d
DEBUG: ran git merge 6fbbf5d7c27208416994a4be219e8fbfc2df205d in 
DEBUG: LC_ALL=C JX_LOG_LEVEL=error git log --format=%H%x1f%an%x1f%ae%x1f%cn%x1f%ce%x1f%s%n%b%x1e df5eac4b52daddd21c870dd67148bcfb4fc66ac6..HEAD
Merged SHA 6fbbf5d7c27208416994a4be219e8fbfc2df205d with commit message 'chore: Promote bdd-nh-1588673032 to version 0.0.1' into base branch master

Showing logs for build [32mcb-kubecd-environment-pr-1455-1-x7wv8-1[0m stage [32mfrom-build-pack[0m and container [32mstep-build-helm-build[0m
WARNING: No $CHART_REPOSITORY defined so using the default value of: http://jenkins-x-chartmuseum:8080
Adding missing Helm repo: storage.googleapis.com https://storage.googleapis.com/chartmuseum.jenkins-x.io
WARNING: No secrets found on "helm/repos" due: reading the secret "helm/repos" from vault: no secret "helm/repos" not found in vault
Read credentials for https://storage.googleapis.com/chartmuseum.jenkins-x.io from vault helm/repos
Successfully added Helm repository storage.googleapis.com.
Adding missing Helm repo: jenkins-x-chartmuseum http://jenkins-x-chartmuseum:8080
WARNING: No secrets found on "helm/repos" due: reading the secret "helm/repos" from vault: no secret "helm/repos" not found in vault
Read credentials for http://jenkins-x-chartmuseum:8080 from vault helm/repos
Successfully added Helm repository jenkins-x-chartmuseum.
WARNING: No $CHART_REPOSITORY defined so using the default value of: http://jenkins-x-chartmuseum:8080
Adding missing Helm repo: chartmuseum.jenkins-x.io http://chartmuseum.jenkins-x.io
WARNING: No secrets found on "helm/repos" due: reading the secret "helm/repos" from vault: no secret "helm/repos" not found in vault
Read credentials for http://chartmuseum.jenkins-x.io from vault helm/repos
Successfully added Helm repository chartmuseum.jenkins-x.io.
